<?xml version="1.0" encoding="UTF-8"?>
<testsuite name="Academy Choucair" tests="1" skipped="0" failures="0" errors="0" timestamp="2021-11-22T14:10:03" hostname="DESKTOP-86MUCG6" time="16.378">
  <properties/>
  <testcase name="Search for automation course" classname="Academy Choucair" time="16.378"/>
  <system-out><![CDATA[]]></system-out>
  <system-err><![CDATA[[Test worker] WARN net.thucydides.core.steps.BaseStepListener - stepStarted: net.thucydides.core.steps.ExecutedStepDescription@61832449
[Test worker] WARN net.thucydides.core.steps.BaseStepListener - stepStarted: net.thucydides.core.steps.ExecutedStepDescription@13dd3341
[Test worker] WARN net.thucydides.core.steps.BaseStepListener - stepStarted: net.thucydides.core.steps.ExecutedStepDescription@39a2fdf8
nov 22, 2021 9:10:03 AM org.openqa.selenium.remote.DesiredCapabilities chrome
INFORMACIÓN: Using `new ChromeOptions()` is preferred to `DesiredCapabilities.chrome()`
[Test worker] INFO net.serenitybdd.core.webdriver.driverproviders.ProvideNewDriver - Instantiating driver
[Test worker] INFO net.serenitybdd.core.webdriver.driverproviders.ProvideNewDriver - Driver capabilities: Capabilities {acceptInsecureCerts: false, browserName: chrome, chrome.switches: --start-maximized, goog:chromeOptions: {args: [--start-maximized], extensions: []}, loggingPrefs: org.openqa.selenium.logging..., platform: ANY, version: }
Starting ChromeDriver 96.0.4664.45 (76e4c1bb2ab4671b8beba3444e61c0f17584b2fc-refs/branch-heads/4664@{#947}) on port 47700
Only local connections are allowed.
Please see https://chromedriver.chromium.org/security-considerations for suggestions on keeping ChromeDriver safe.
ChromeDriver was started successfully.
nov 22, 2021 9:10:05 AM org.openqa.selenium.remote.ProtocolHandshake createSession
INFORMACIÓN: Detected dialect: W3C
[Test worker] WARN net.thucydides.core.steps.BaseStepListener - stepFinished: current outcome:Search for automation course:Example: {User=1012456109, Pass=Choucair2021*, RefQuestion=Capítulos} [Given than Jhon wants to learn automation ah the academy Choucair
| user | pass |
| 1012456109 | Choucair2021* | [Jhon open up [Jhon opens the Choucair academy page]]]
[Test worker] WARN net.thucydides.core.steps.BaseStepListener - stepFinished: current outcome:Search for automation course:Example: {User=1012456109, Pass=Choucair2021*, RefQuestion=Capítulos} [Given than Jhon wants to learn automation ah the academy Choucair
| user | pass |
| 1012456109 | Choucair2021* | [Jhon open up [Jhon opens the Choucair academy page]]]
[Test worker] WARN net.thucydides.core.steps.BaseStepListener - stepStarted: net.thucydides.core.steps.ExecutedStepDescription@308db350
[Test worker] WARN net.thucydides.core.steps.BaseStepListener - stepStarted: net.thucydides.core.steps.ExecutedStepDescription@38ae5576
[Test worker] WARN net.thucydides.core.steps.BaseStepListener - stepFinished: current outcome:Search for automation course:Example: {User=1012456109, Pass=Choucair2021*, RefQuestion=Capítulos} [Given than Jhon wants to learn automation ah the academy Choucair
| user | pass |
| 1012456109 | Choucair2021* | [Jhon open up [Jhon opens the Choucair academy page], Jhon login [Jhon clicks on button that shows us the form to login]]]
[Test worker] WARN net.thucydides.core.steps.BaseStepListener - stepStarted: net.thucydides.core.steps.ExecutedStepDescription@3db62058
[Test worker] WARN net.thucydides.core.steps.BaseStepListener - stepFinished: current outcome:Search for automation course:Example: {User=1012456109, Pass=Choucair2021*, RefQuestion=Capítulos} [Given than Jhon wants to learn automation ah the academy Choucair
| user | pass |
| 1012456109 | Choucair2021* | [Jhon open up [Jhon opens the Choucair academy page], Jhon login [Jhon clicks on button that shows us the form to login, Jhon enters '1012456109' into where do we write the user ]]]
[Test worker] WARN net.thucydides.core.steps.BaseStepListener - stepStarted: net.thucydides.core.steps.ExecutedStepDescription@73cc0689
[Test worker] WARN net.thucydides.core.steps.BaseStepListener - stepFinished: current outcome:Search for automation course:Example: {User=1012456109, Pass=Choucair2021*, RefQuestion=Capítulos} [Given than Jhon wants to learn automation ah the academy Choucair
| user | pass |
| 1012456109 | Choucair2021* | [Jhon open up [Jhon opens the Choucair academy page], Jhon login [Jhon clicks on button that shows us the form to login, Jhon enters '1012456109' into where do we write the user , Jhon enters 'Choucair2021*' into where do we write the pass]]]
[Test worker] WARN net.thucydides.core.steps.BaseStepListener - stepStarted: net.thucydides.core.steps.ExecutedStepDescription@1c99c74e
[Test worker] WARN net.thucydides.core.steps.BaseStepListener - stepFinished: current outcome:Search for automation course:Example: {User=1012456109, Pass=Choucair2021*, RefQuestion=Capítulos} [Given than Jhon wants to learn automation ah the academy Choucair
| user | pass |
| 1012456109 | Choucair2021* | [Jhon open up [Jhon opens the Choucair academy page], Jhon login [Jhon clicks on button that shows us the form to login, Jhon enters '1012456109' into where do we write the user , Jhon enters 'Choucair2021*' into where do we write the pass, Jhon clicks on button to confirm login]]]
[Test worker] WARN net.thucydides.core.steps.BaseStepListener - stepFinished: current outcome:Search for automation course:Example: {User=1012456109, Pass=Choucair2021*, RefQuestion=Capítulos} [Given than Jhon wants to learn automation ah the academy Choucair
| user | pass |
| 1012456109 | Choucair2021* | [Jhon open up [Jhon opens the Choucair academy page], Jhon login [Jhon clicks on button that shows us the form to login, Jhon enters '1012456109' into where do we write the user , Jhon enters 'Choucair2021*' into where do we write the pass, Jhon clicks on button to confirm login]]]
[Test worker] WARN net.thucydides.core.steps.BaseStepListener - stepFinished: current outcome:Search for automation course:Example: {User=1012456109, Pass=Choucair2021*, RefQuestion=Capítulos} [Given than Jhon wants to learn automation ah the academy Choucair
| user | pass |
| 1012456109 | Choucair2021* | [Jhon open up [Jhon opens the Choucair academy page], Jhon login [Jhon clicks on button that shows us the form to login, Jhon enters '1012456109' into where do we write the user , Jhon enters 'Choucair2021*' into where do we write the pass, Jhon clicks on button to confirm login]]]
[Test worker] WARN net.thucydides.core.steps.BaseStepListener - stepStarted: net.thucydides.core.steps.ExecutedStepDescription@6ba47ba
[Test worker] WARN net.thucydides.core.steps.BaseStepListener - stepStarted: net.thucydides.core.steps.ExecutedStepDescription@45d8af9d
[Test worker] WARN net.thucydides.core.steps.BaseStepListener - stepStarted: net.thucydides.core.steps.ExecutedStepDescription@73bdbc51
[Test worker] WARN net.thucydides.core.steps.BaseStepListener - stepFinished: current outcome:Search for automation course:Example: {User=1012456109, Pass=Choucair2021*, RefQuestion=Capítulos} [Given than Jhon wants to learn automation ah the academy Choucair
| user | pass |
| 1012456109 | Choucair2021* | [Jhon open up [Jhon opens the Choucair academy page], Jhon login [Jhon clicks on button that shows us the form to login, Jhon enters '1012456109' into where do we write the user , Jhon enters 'Choucair2021*' into where do we write the pass, Jhon clicks on button to confirm login]], When he search for course on the choucair academy plataform [Jhon shearch [Jhon clicks on Ingresa el curso GuÃ­as TÃ©cnicas - Analista Financial]]]
[Test worker] WARN net.thucydides.core.steps.BaseStepListener - stepFinished: current outcome:Search for automation course:Example: {User=1012456109, Pass=Choucair2021*, RefQuestion=Capítulos} [Given than Jhon wants to learn automation ah the academy Choucair
| user | pass |
| 1012456109 | Choucair2021* | [Jhon open up [Jhon opens the Choucair academy page], Jhon login [Jhon clicks on button that shows us the form to login, Jhon enters '1012456109' into where do we write the user , Jhon enters 'Choucair2021*' into where do we write the pass, Jhon clicks on button to confirm login]], When he search for course on the choucair academy plataform [Jhon shearch [Jhon clicks on Ingresa el curso GuÃ­as TÃ©cnicas - Analista Financial]]]
[Test worker] WARN net.thucydides.core.steps.BaseStepListener - stepFinished: current outcome:Search for automation course:Example: {User=1012456109, Pass=Choucair2021*, RefQuestion=Capítulos} [Given than Jhon wants to learn automation ah the academy Choucair
| user | pass |
| 1012456109 | Choucair2021* | [Jhon open up [Jhon opens the Choucair academy page], Jhon login [Jhon clicks on button that shows us the form to login, Jhon enters '1012456109' into where do we write the user , Jhon enters 'Choucair2021*' into where do we write the pass, Jhon clicks on button to confirm login]], When he search for course on the choucair academy plataform [Jhon shearch [Jhon clicks on Ingresa el curso GuÃ­as TÃ©cnicas - Analista Financial]]]
[Test worker] WARN net.thucydides.core.steps.BaseStepListener - stepStarted: net.thucydides.core.steps.ExecutedStepDescription@592a29a5
[Test worker] WARN net.thucydides.core.steps.BaseStepListener - stepStarted: net.thucydides.core.steps.ExecutedStepDescription@4c4cf713
[Test worker] WARN net.thucydides.core.steps.BaseStepListener - stepFinished: current outcome:Search for automation course:Example: {User=1012456109, Pass=Choucair2021*, RefQuestion=Capítulos} [Given than Jhon wants to learn automation ah the academy Choucair
| user | pass |
| 1012456109 | Choucair2021* | [Jhon open up [Jhon opens the Choucair academy page], Jhon login [Jhon clicks on button that shows us the form to login, Jhon enters '1012456109' into where do we write the user , Jhon enters 'Choucair2021*' into where do we write the pass, Jhon clicks on button to confirm login]], When he search for course on the choucair academy plataform [Jhon shearch [Jhon clicks on Ingresa el curso GuÃ­as TÃ©cnicas - Analista Financial]], Then he finds the course called resources
| refQuestion |
| Capítulos | [Then answer]]
[Test worker] WARN net.thucydides.core.steps.BaseStepListener - stepFinished: current outcome:Search for automation course:Example: {User=1012456109, Pass=Choucair2021*, RefQuestion=Capítulos} [Given than Jhon wants to learn automation ah the academy Choucair
| user | pass |
| 1012456109 | Choucair2021* | [Jhon open up [Jhon opens the Choucair academy page], Jhon login [Jhon clicks on button that shows us the form to login, Jhon enters '1012456109' into where do we write the user , Jhon enters 'Choucair2021*' into where do we write the pass, Jhon clicks on button to confirm login]], When he search for course on the choucair academy plataform [Jhon shearch [Jhon clicks on Ingresa el curso GuÃ­as TÃ©cnicas - Analista Financial]], Then he finds the course called resources
| refQuestion |
| Capítulos | [Then answer]]
[Test worker] WARN net.thucydides.core.steps.BaseStepListener - stepFinished: current outcome:Search for automation course:Example: {User=1012456109, Pass=Choucair2021*, RefQuestion=Capítulos} [Given than Jhon wants to learn automation ah the academy Choucair
| user | pass |
| 1012456109 | Choucair2021* | [Jhon open up [Jhon opens the Choucair academy page], Jhon login [Jhon clicks on button that shows us the form to login, Jhon enters '1012456109' into where do we write the user , Jhon enters 'Choucair2021*' into where do we write the pass, Jhon clicks on button to confirm login]], When he search for course on the choucair academy plataform [Jhon shearch [Jhon clicks on Ingresa el curso GuÃ­as TÃ©cnicas - Analista Financial]], Then he finds the course called resources
| refQuestion |
| Capítulos | [Then answer]]
[Test worker] WARN net.thucydides.core.steps.BaseStepListener - testFinished: Search for automation course:Example: {User=1012456109, Pass=Choucair2021*, RefQuestion=Capítulos} [Given than Jhon wants to learn automation ah the academy Choucair
| user | pass |
| 1012456109 | Choucair2021* | [Jhon open up [Jhon opens the Choucair academy page], Jhon login [Jhon clicks on button that shows us the form to login, Jhon enters '1012456109' into where do we write the user , Jhon enters 'Choucair2021*' into where do we write the pass, Jhon clicks on button to confirm login]], When he search for course on the choucair academy plataform [Jhon shearch [Jhon clicks on Ingresa el curso GuÃ­as TÃ©cnicas - Analista Financial]], Then he finds the course called resources
| refQuestion |
| Capítulos | [Then answer]]
[Test worker] WARN net.thucydides.core.steps.BaseStepListener - TestOutcomes: [Search for automation course:Example: {User=1012456109, Pass=Choucair2021*, RefQuestion=Capítulos} [Given than Jhon wants to learn automation ah the academy Choucair
| user | pass |
| 1012456109 | Choucair2021* | [Jhon open up [Jhon opens the Choucair academy page], Jhon login [Jhon clicks on button that shows us the form to login, Jhon enters '1012456109' into where do we write the user , Jhon enters 'Choucair2021*' into where do we write the pass, Jhon clicks on button to confirm login]], When he search for course on the choucair academy plataform [Jhon shearch [Jhon clicks on Ingresa el curso GuÃ­as TÃ©cnicas - Analista Financial]], Then he finds the course called resources
| refQuestion |
| Capítulos | [Then answer]]]
[Test worker] WARN net.thucydides.core.steps.BaseStepListener - Final testOutcomes: [Search for automation course:Example: {User=1012456109, Pass=Choucair2021*, RefQuestion=Capítulos} [Given than Jhon wants to learn automation ah the academy Choucair
| user | pass |
| 1012456109 | Choucair2021* | [Jhon open up [Jhon opens the Choucair academy page], Jhon login [Jhon clicks on button that shows us the form to login, Jhon enters '1012456109' into where do we write the user , Jhon enters 'Choucair2021*' into where do we write the pass, Jhon clicks on button to confirm login]], When he search for course on the choucair academy plataform [Jhon shearch [Jhon clicks on Ingresa el curso GuÃ­as TÃ©cnicas - Analista Financial]], Then he finds the course called resources
| refQuestion |
| Capítulos | [Then answer]]]
[Test worker] INFO net.thucydides.core.steps.ConsoleLoggingListener - 
        __    _____ _____ ____ _____   ____   _    ____  ____  _____ ____  
  _     \ \  |_   _| ____/ ___|_   _| |  _ \ / \  / ___|/ ___|| ____|  _ \ 
 (_)_____| |   | | |  _| \___ \ | |   | |_) / _ \ \___ \\___ \|  _| | | | |
  _|_____| |   | | | |___ ___) || |   |  __/ ___ \ ___) |___) | |___| |_| |
 (_)     | |   |_| |_____|____/ |_|   |_| /_/   \_\____/|____/|_____|____/ 
        /_/                                                                

TEST PASSED: Search for automation course
----------------------------------------------------------------------------
]]></system-err>
</testsuite>
